# JRE version: OpenJDK Runtime Environment (8.0_144-b01) (build 1.8.0_144-8u144-b01-2-b01)
# Java VM: OpenJDK 64-Bit Server VM (25.144-b01 mixed mode linux-amd64 compressed oops)
Heap:
 par new generation   total 78656K, used 20547K [0x00000000c0000000, 0x00000000c5550000, 0x00000000d5550000)
  eden space 69952K,  25% used [0x00000000c0000000, 0x00000000c1179208, 0x00000000c4450000)
  from space 8704K,  30% used [0x00000000c4450000, 0x00000000c46e7ce0, 0x00000000c4cd0000)
  to   space 8704K,   0% used [0x00000000c4cd0000, 0x00000000c4cd0000, 0x00000000c5550000)
 concurrent mark-sweep generation total 174784K, used 106360K [0x00000000d5550000, 0x00000000e0000000, 0x0000000100000000)
 Metaspace       used 103427K, capacity 115037K, committed 115300K, reserved 1148928K
  class space    used 13034K, capacity 16119K, committed 16164K, reserved 1048576K
GC Heap History (10 events):
Event: 10.072 GC heap before
{Heap before GC invocations=13 (full 2):
 par new generation   total 78656K, used 78656K [0x00000000c0000000, 0x00000000c5550000, 0x00000000d5550000)
  eden space 69952K, 100% used [0x00000000c0000000, 0x00000000c4450000, 0x00000000c4450000)
  from space 8704K, 100% used [0x00000000c4cd0000, 0x00000000c5550000, 0x00000000c5550000)
  to   space 8704K,   0% used [0x00000000c4450000, 0x00000000c4450000, 0x00000000c4cd0000)
 concurrent mark-sweep generation total 174784K, used 83680K [0x00000000d5550000, 0x00000000e0000000, 0x0000000100000000)
 Metaspace       used 90551K, capacity 100457K, committed 100708K, reserved 1136640K
  class space    used 11236K, capacity 14005K, committed 14116K, reserved 1048576K
Event: 10.081 GC heap after
Heap after GC invocations=14 (full 2):
 par new generation   total 78656K, used 8141K [0x00000000c0000000, 0x00000000c5550000, 0x00000000d5550000)
  eden space 69952K,   0% used [0x00000000c0000000, 0x00000000c0000000, 0x00000000c4450000)
  from space 8704K,  93% used [0x00000000c4450000, 0x00000000c4c434b8, 0x00000000c4cd0000)
  to   space 8704K,   0% used [0x00000000c4cd0000, 0x00000000c4cd0000, 0x00000000c5550000)
 concurrent mark-sweep generation total 174784K, used 90027K [0x00000000d5550000, 0x00000000e0000000, 0x0000000100000000)
 Metaspace       used 90551K, capacity 100457K, committed 100708K, reserved 1136640K
  class space    used 11236K, capacity 14005K, committed 14116K, reserved 1048576K
}
Event: 10.330 GC heap before
{Heap before GC invocations=14 (full 2):
 par new generation   total 78656K, used 78093K [0x00000000c0000000, 0x00000000c5550000, 0x00000000d5550000)
  eden space 69952K, 100% used [0x00000000c0000000, 0x00000000c4450000, 0x00000000c4450000)
  from space 8704K,  93% used [0x00000000c4450000, 0x00000000c4c434b8, 0x00000000c4cd0000)
  to   space 8704K,   0% used [0x00000000c4cd0000, 0x00000000c4cd0000, 0x00000000c5550000)
 concurrent mark-sweep generation total 174784K, used 90027K [0x00000000d5550000, 0x00000000e0000000, 0x0000000100000000)
 Metaspace       used 92706K, capacity 102667K, committed 102884K, reserved 1138688K
  class space    used 11633K, capacity 14410K, committed 14500K, reserved 1048576K
Event: 10.335 GC heap after
Heap after GC invocations=15 (full 2):
 par new generation   total 78656K, used 8419K [0x00000000c0000000, 0x00000000c5550000, 0x00000000d5550000)
  eden space 69952K,   0% used [0x00000000c0000000, 0x00000000c0000000, 0x00000000c4450000)
  from space 8704K,  96% used [0x00000000c4cd0000, 0x00000000c5508f20, 0x00000000c5550000)
  to   space 8704K,   0% used [0x00000000c4450000, 0x00000000c4450000, 0x00000000c4cd0000)
 concurrent mark-sweep generation total 174784K, used 90027K [0x00000000d5550000, 0x00000000e0000000, 0x0000000100000000)
 Metaspace       used 92706K, capacity 102667K, committed 102884K, reserved 1138688K
  class space    used 11633K, capacity 14410K, committed 14500K, reserved 1048576K
}
Event: 11.488 GC heap before
{Heap before GC invocations=15 (full 2):
 par new generation   total 78656K, used 78371K [0x00000000c0000000, 0x00000000c5550000, 0x00000000d5550000)
  eden space 69952K, 100% used [0x00000000c0000000, 0x00000000c4450000, 0x00000000c4450000)
  from space 8704K,  96% used [0x00000000c4cd0000, 0x00000000c5508f20, 0x00000000c5550000)
  to   space 8704K,   0% used [0x00000000c4450000, 0x00000000c4450000, 0x00000000c4cd0000)
 concurrent mark-sweep generation total 174784K, used 90027K [0x00000000d5550000, 0x00000000e0000000, 0x0000000100000000)
 Metaspace       used 101411K, capacity 112451K, committed 112740K, reserved 1146880K
  class space    used 12811K, capacity 15846K, committed 15908K, reserved 1048576K
Event: 11.510 GC heap after
Heap after GC invocations=16 (full 2):
 par new generation   total 78656K, used 8704K [0x00000000c0000000, 0x00000000c5550000, 0x00000000d5550000)
  eden space 69952K,   0% used [0x00000000c0000000, 0x00000000c0000000, 0x00000000c4450000)
  from space 8704K, 100% used [0x00000000c4450000, 0x00000000c4cd0000, 0x00000000c4cd0000)
  to   space 8704K,   0% used [0x00000000c4cd0000, 0x00000000c4cd0000, 0x00000000c5550000)
 concurrent mark-sweep generation total 174784K, used 99078K [0x00000000d5550000, 0x00000000e0000000, 0x0000000100000000)
 Metaspace       used 101411K, capacity 112451K, committed 112740K, reserved 1146880K
  class space    used 12811K, capacity 15846K, committed 15908K, reserved 1048576K
}
Event: 17.412 GC heap before
{Heap before GC invocations=16 (full 2):
 par new generation   total 78656K, used 78251K [0x00000000c0000000, 0x00000000c5550000, 0x00000000d5550000)
  eden space 69952K,  99% used [0x00000000c0000000, 0x00000000c43eaeb0, 0x00000000c4450000)
  from space 8704K, 100% used [0x00000000c4450000, 0x00000000c4cd0000, 0x00000000c4cd0000)
  to   space 8704K,   0% used [0x00000000c4cd0000, 0x00000000c4cd0000, 0x00000000c5550000)
 concurrent mark-sweep generation total 174784K, used 99078K [0x00000000d5550000, 0x00000000e0000000, 0x0000000100000000)
 Metaspace       used 102329K, capacity 113791K, committed 113892K, reserved 1146880K
  class space    used 12910K, capacity 15980K, committed 16036K, reserved 1048576K
Event: 17.434 GC heap after
Heap after GC invocations=17 (full 2):
 par new generation   total 78656K, used 8703K [0x00000000c0000000, 0x00000000c5550000, 0x00000000d5550000)
  eden space 69952K,   0% used [0x00000000c0000000, 0x00000000c0000000, 0x00000000c4450000)
  from space 8704K,  99% used [0x00000000c4cd0000, 0x00000000c554fff8, 0x00000000c5550000)
  to   space 8704K,   0% used [0x00000000c4450000, 0x00000000c4450000, 0x00000000c4cd0000)
 concurrent mark-sweep generation total 174784K, used 106360K [0x00000000d5550000, 0x00000000e0000000, 0x0000000100000000)
 Metaspace       used 102329K, capacity 113791K, committed 113892K, reserved 1146880K
  class space    used 12910K, capacity 15980K, committed 16036K, reserved 1048576K
}
Event: 18.530 GC heap before
{Heap before GC invocations=17 (full 2):
 par new generation   total 78656K, used 78655K [0x00000000c0000000, 0x00000000c5550000, 0x00000000d5550000)
  eden space 69952K, 100% used [0x00000000c0000000, 0x00000000c4450000, 0x00000000c4450000)
  from space 8704K,  99% used [0x00000000c4cd0000, 0x00000000c554fff8, 0x00000000c5550000)
  to   space 8704K,   0% used [0x00000000c4450000, 0x00000000c4450000, 0x00000000c4cd0000)
 concurrent mark-sweep generation total 174784K, used 106360K [0x00000000d5550000, 0x00000000e0000000, 0x0000000100000000)
 Metaspace       used 103307K, capacity 114877K, committed 115044K, reserved 1148928K
  class space    used 13030K, capacity 16087K, committed 16164K, reserved 1048576K
Event: 18.540 GC heap after
Heap after GC invocations=18 (full 2):
 par new generation   total 78656K, used 2655K [0x00000000c0000000, 0x00000000c5550000, 0x00000000d5550000)
  eden space 69952K,   0% used [0x00000000c0000000, 0x00000000c0000000, 0x00000000c4450000)
  from space 8704K,  30% used [0x00000000c4450000, 0x00000000c46e7ce0, 0x00000000c4cd0000)
  to   space 8704K,   0% used [0x00000000c4cd0000, 0x00000000c4cd0000, 0x00000000c5550000)
 concurrent mark-sweep generation total 174784K, used 106360K [0x00000000d5550000, 0x00000000e0000000, 0x0000000100000000)
 Metaspace       used 103307K, capacity 114877K, committed 115044K, reserved 1148928K
  class space    used 13030K, capacity 16087K, committed 16164K, reserved 1048576K
}

