# JRE version: OpenJDK Runtime Environment (8.0_144-b01) (build 1.8.0_144-8u144-b01-2-b01)
# Java VM: OpenJDK 64-Bit Server VM (25.144-b01 mixed mode linux-amd64 compressed oops)
Heap:
 par new generation   total 78656K, used 22666K [0x0000000080000000, 0x0000000085550000, 0x00000000a9990000)
  eden space 69952K,  27% used [0x0000000080000000, 0x000000008127b468, 0x0000000084450000)
  from space 8704K,  42% used [0x0000000084cd0000, 0x0000000085077520, 0x0000000085550000)
  to   space 8704K,   0% used [0x0000000084450000, 0x0000000084450000, 0x0000000084cd0000)
 concurrent mark-sweep generation total 174784K, used 100825K [0x00000000a9990000, 0x00000000b4440000, 0x0000000100000000)
 Metaspace       used 99679K, capacity 110451K, committed 110644K, reserved 1144832K
  class space    used 12514K, capacity 15394K, committed 15416K, reserved 1048576K
GC Heap History (10 events):
Event: 9.630 GC heap before
{Heap before GC invocations=12 (full 2):
 par new generation   total 78656K, used 78656K [0x0000000080000000, 0x0000000085550000, 0x00000000a9990000)
  eden space 69952K, 100% used [0x0000000080000000, 0x0000000084450000, 0x0000000084450000)
  from space 8704K, 100% used [0x0000000084450000, 0x0000000084cd0000, 0x0000000084cd0000)
  to   space 8704K,   0% used [0x0000000084cd0000, 0x0000000084cd0000, 0x0000000085550000)
 concurrent mark-sweep generation total 174784K, used 77973K [0x00000000a9990000, 0x00000000b4440000, 0x0000000100000000)
 Metaspace       used 94873K, capacity 105333K, committed 105524K, reserved 1140736K
  class space    used 11906K, capacity 14789K, committed 14904K, reserved 1048576K
Event: 9.643 GC heap after
Heap after GC invocations=13 (full 2):
 par new generation   total 78656K, used 8704K [0x0000000080000000, 0x0000000085550000, 0x00000000a9990000)
  eden space 69952K,   0% used [0x0000000080000000, 0x0000000080000000, 0x0000000084450000)
  from space 8704K, 100% used [0x0000000084cd0000, 0x0000000085550000, 0x0000000085550000)
  to   space 8704K,   0% used [0x0000000084450000, 0x0000000084450000, 0x0000000084cd0000)
 concurrent mark-sweep generation total 174784K, used 85213K [0x00000000a9990000, 0x00000000b4440000, 0x0000000100000000)
 Metaspace       used 94873K, capacity 105333K, committed 105524K, reserved 1140736K
  class space    used 11906K, capacity 14789K, committed 14904K, reserved 1048576K
}
Event: 10.012 GC heap before
{Heap before GC invocations=13 (full 2):
 par new generation   total 78656K, used 78656K [0x0000000080000000, 0x0000000085550000, 0x00000000a9990000)
  eden space 69952K, 100% used [0x0000000080000000, 0x0000000084450000, 0x0000000084450000)
  from space 8704K, 100% used [0x0000000084cd0000, 0x0000000085550000, 0x0000000085550000)
  to   space 8704K,   0% used [0x0000000084450000, 0x0000000084450000, 0x0000000084cd0000)
 concurrent mark-sweep generation total 174784K, used 85213K [0x00000000a9990000, 0x00000000b4440000, 0x0000000100000000)
 Metaspace       used 97575K, capacity 108419K, committed 108596K, reserved 1142784K
  class space    used 12281K, capacity 15148K, committed 15160K, reserved 1048576K
Event: 10.028 GC heap after
Heap after GC invocations=14 (full 2):
 par new generation   total 78656K, used 8704K [0x0000000080000000, 0x0000000085550000, 0x00000000a9990000)
  eden space 69952K,   0% used [0x0000000080000000, 0x0000000080000000, 0x0000000084450000)
  from space 8704K, 100% used [0x0000000084450000, 0x0000000084cd0000, 0x0000000084cd0000)
  to   space 8704K,   0% used [0x0000000084cd0000, 0x0000000084cd0000, 0x0000000085550000)
 concurrent mark-sweep generation total 174784K, used 93058K [0x00000000a9990000, 0x00000000b4440000, 0x0000000100000000)
 Metaspace       used 97575K, capacity 108419K, committed 108596K, reserved 1142784K
  class space    used 12281K, capacity 15148K, committed 15160K, reserved 1048576K
}
Event: 10.273 GC heap before
{Heap before GC invocations=14 (full 2):
 par new generation   total 78656K, used 78656K [0x0000000080000000, 0x0000000085550000, 0x00000000a9990000)
  eden space 69952K, 100% used [0x0000000080000000, 0x0000000084450000, 0x0000000084450000)
  from space 8704K, 100% used [0x0000000084450000, 0x0000000084cd0000, 0x0000000084cd0000)
  to   space 8704K,   0% used [0x0000000084cd0000, 0x0000000084cd0000, 0x0000000085550000)
 concurrent mark-sweep generation total 174784K, used 93058K [0x00000000a9990000, 0x00000000b4440000, 0x0000000100000000)
 Metaspace       used 98190K, capacity 108879K, committed 108980K, reserved 1142784K
  class space    used 12336K, capacity 15214K, committed 15288K, reserved 1048576K
Event: 10.290 GC heap after
Heap after GC invocations=15 (full 2):
 par new generation   total 78656K, used 7469K [0x0000000080000000, 0x0000000085550000, 0x00000000a9990000)
  eden space 69952K,   0% used [0x0000000080000000, 0x0000000080000000, 0x0000000084450000)
  from space 8704K,  85% used [0x0000000084cd0000, 0x000000008541b528, 0x0000000085550000)
  to   space 8704K,   0% used [0x0000000084450000, 0x0000000084450000, 0x0000000084cd0000)
 concurrent mark-sweep generation total 174784K, used 100825K [0x00000000a9990000, 0x00000000b4440000, 0x0000000100000000)
 Metaspace       used 98190K, capacity 108879K, committed 108980K, reserved 1142784K
  class space    used 12336K, capacity 15214K, committed 15288K, reserved 1048576K
}
Event: 10.996 GC heap before
{Heap before GC invocations=15 (full 2):
 par new generation   total 78656K, used 76823K [0x0000000080000000, 0x0000000085550000, 0x00000000a9990000)
  eden space 69952K,  99% used [0x0000000080000000, 0x00000000843ba798, 0x0000000084450000)
  from space 8704K,  85% used [0x0000000084cd0000, 0x000000008541b528, 0x0000000085550000)
  to   space 8704K,   0% used [0x0000000084450000, 0x0000000084450000, 0x0000000084cd0000)
 concurrent mark-sweep generation total 174784K, used 100825K [0x00000000a9990000, 0x00000000b4440000, 0x0000000100000000)
 Metaspace       used 98621K, capacity 109351K, committed 109492K, reserved 1144832K
  class space    used 12401K, capacity 15286K, committed 15288K, reserved 1048576K
Event: 11.000 GC heap after
Heap after GC invocations=16 (full 2):
 par new generation   total 78656K, used 4936K [0x0000000080000000, 0x0000000085550000, 0x00000000a9990000)
  eden space 69952K,   0% used [0x0000000080000000, 0x0000000080000000, 0x0000000084450000)
  from space 8704K,  56% used [0x0000000084450000, 0x0000000084922368, 0x0000000084cd0000)
  to   space 8704K,   0% used [0x0000000084cd0000, 0x0000000084cd0000, 0x0000000085550000)
 concurrent mark-sweep generation total 174784K, used 100825K [0x00000000a9990000, 0x00000000b4440000, 0x0000000100000000)
 Metaspace       used 98621K, capacity 109351K, committed 109492K, reserved 1144832K
  class space    used 12401K, capacity 15286K, committed 15288K, reserved 1048576K
}
Event: 12.007 GC heap before
{Heap before GC invocations=16 (full 2):
 par new generation   total 78656K, used 74888K [0x0000000080000000, 0x0000000085550000, 0x00000000a9990000)
  eden space 69952K, 100% used [0x0000000080000000, 0x0000000084450000, 0x0000000084450000)
  from space 8704K,  56% used [0x0000000084450000, 0x0000000084922368, 0x0000000084cd0000)
  to   space 8704K,   0% used [0x0000000084cd0000, 0x0000000084cd0000, 0x0000000085550000)
 concurrent mark-sweep generation total 174784K, used 100825K [0x00000000a9990000, 0x00000000b4440000, 0x0000000100000000)
 Metaspace       used 99543K, capacity 110323K, committed 110388K, reserved 1144832K
  class space    used 12509K, capacity 15394K, committed 15416K, reserved 1048576K
Event: 12.011 GC heap after
Heap after GC invocations=17 (full 2):
 par new generation   total 78656K, used 3741K [0x0000000080000000, 0x0000000085550000, 0x00000000a9990000)
  eden space 69952K,   0% used [0x0000000080000000, 0x0000000080000000, 0x0000000084450000)
  from space 8704K,  42% used [0x0000000084cd0000, 0x0000000085077520, 0x0000000085550000)
  to   space 8704K,   0% used [0x0000000084450000, 0x0000000084450000, 0x0000000084cd0000)
 concurrent mark-sweep generation total 174784K, used 100825K [0x00000000a9990000, 0x00000000b4440000, 0x0000000100000000)
 Metaspace       used 99543K, capacity 110323K, committed 110388K, reserved 1144832K
  class space    used 12509K, capacity 15394K, committed 15416K, reserved 1048576K
}

